<?xml version="1.0" encoding="UTF-8"?>
<testsuite name="com.thomasvitale.keycloak.ApplicationTests" tests="1" skipped="0" failures="0" errors="0" timestamp="2021-04-01T10:14:40" hostname="LAPTOP-RIBEA0HL" time="0.754">
  <properties/>
  <testcase name="contextLoads" classname="com.thomasvitale.keycloak.ApplicationTests" time="0.754"/>
  <system-out><![CDATA[19:14:35.583 [Test worker] DEBUG org.springframework.test.context.junit4.SpringJUnit4ClassRunner - SpringJUnit4ClassRunner constructor called with [class com.thomasvitale.keycloak.ApplicationTests]
19:14:35.593 [Test worker] DEBUG org.springframework.test.context.BootstrapUtils - Instantiating CacheAwareContextLoaderDelegate from class [org.springframework.test.context.cache.DefaultCacheAwareContextLoaderDelegate]
19:14:35.607 [Test worker] DEBUG org.springframework.test.context.BootstrapUtils - Instantiating BootstrapContext using constructor [public org.springframework.test.context.support.DefaultBootstrapContext(java.lang.Class,org.springframework.test.context.CacheAwareContextLoaderDelegate)]
19:14:35.629 [Test worker] DEBUG org.springframework.test.context.BootstrapUtils - Instantiating TestContextBootstrapper for test class [com.thomasvitale.keycloak.ApplicationTests] from class [org.springframework.boot.test.context.SpringBootTestContextBootstrapper]
19:14:35.650 [Test worker] INFO org.springframework.boot.test.context.SpringBootTestContextBootstrapper - Neither @ContextConfiguration nor @ContextHierarchy found for test class [com.thomasvitale.keycloak.ApplicationTests], using SpringBootContextLoader
19:14:35.655 [Test worker] DEBUG org.springframework.test.context.support.AbstractContextLoader - Did not detect default resource location for test class [com.thomasvitale.keycloak.ApplicationTests]: class path resource [com/thomasvitale/keycloak/ApplicationTests-context.xml] does not exist
19:14:35.656 [Test worker] DEBUG org.springframework.test.context.support.AbstractContextLoader - Did not detect default resource location for test class [com.thomasvitale.keycloak.ApplicationTests]: class path resource [com/thomasvitale/keycloak/ApplicationTestsContext.groovy] does not exist
19:14:35.657 [Test worker] INFO org.springframework.test.context.support.AbstractContextLoader - Could not detect default resource locations for test class [com.thomasvitale.keycloak.ApplicationTests]: no resource found for suffixes {-context.xml, Context.groovy}.
19:14:35.658 [Test worker] INFO org.springframework.test.context.support.AnnotationConfigContextLoaderUtils - Could not detect default configuration classes for test class [com.thomasvitale.keycloak.ApplicationTests]: ApplicationTests does not declare any static, non-private, non-final, nested classes annotated with @Configuration.
19:14:35.722 [Test worker] DEBUG org.springframework.test.context.support.ActiveProfilesUtils - Could not find an 'annotation declaring class' for annotation type [org.springframework.test.context.ActiveProfiles] and class [com.thomasvitale.keycloak.ApplicationTests]
19:14:35.834 [Test worker] DEBUG org.springframework.context.annotation.ClassPathScanningCandidateComponentProvider - Identified candidate component class: file [C:\Users\11\Desktop\spring-keycloak-tutorials-master\keycloak-spring-boot-first-look\build\classes\java\main\com\thomasvitale\keycloak\Application.class]
19:14:35.836 [Test worker] INFO org.springframework.boot.test.context.SpringBootTestContextBootstrapper - Found @SpringBootConfiguration com.thomasvitale.keycloak.Application for test class com.thomasvitale.keycloak.ApplicationTests
19:14:35.991 [Test worker] DEBUG org.springframework.boot.test.context.SpringBootTestContextBootstrapper - @TestExecutionListeners is not present for class [com.thomasvitale.keycloak.ApplicationTests]: using defaults.
19:14:35.992 [Test worker] INFO org.springframework.boot.test.context.SpringBootTestContextBootstrapper - Loaded default TestExecutionListener class names from location [META-INF/spring.factories]: [org.springframework.boot.test.autoconfigure.restdocs.RestDocsTestExecutionListener, org.springframework.boot.test.autoconfigure.web.client.MockRestServiceServerResetTestExecutionListener, org.springframework.boot.test.autoconfigure.web.servlet.MockMvcPrintOnlyOnFailureTestExecutionListener, org.springframework.boot.test.autoconfigure.web.servlet.WebDriverTestExecutionListener, org.springframework.boot.test.mock.mockito.MockitoTestExecutionListener, org.springframework.boot.test.mock.mockito.ResetMocksTestExecutionListener, org.springframework.test.context.web.ServletTestExecutionListener, org.springframework.test.context.support.DirtiesContextBeforeModesTestExecutionListener, org.springframework.test.context.support.DependencyInjectionTestExecutionListener, org.springframework.test.context.support.DirtiesContextTestExecutionListener, org.springframework.test.context.transaction.TransactionalTestExecutionListener, org.springframework.test.context.jdbc.SqlScriptsTestExecutionListener]
19:14:36.014 [Test worker] DEBUG org.springframework.boot.test.context.SpringBootTestContextBootstrapper - Skipping candidate TestExecutionListener [org.springframework.test.context.transaction.TransactionalTestExecutionListener] due to a missing dependency. Specify custom listener classes or make the default listener classes and their required dependencies available. Offending class: [org/springframework/transaction/interceptor/TransactionAttributeSource]
19:14:36.015 [Test worker] DEBUG org.springframework.boot.test.context.SpringBootTestContextBootstrapper - Skipping candidate TestExecutionListener [org.springframework.test.context.jdbc.SqlScriptsTestExecutionListener] due to a missing dependency. Specify custom listener classes or make the default listener classes and their required dependencies available. Offending class: [org/springframework/transaction/interceptor/TransactionAttribute]
19:14:36.015 [Test worker] INFO org.springframework.boot.test.context.SpringBootTestContextBootstrapper - Using TestExecutionListeners: [org.springframework.test.context.web.ServletTestExecutionListener@284ccc86, org.springframework.test.context.support.DirtiesContextBeforeModesTestExecutionListener@4b76b9c5, org.springframework.boot.test.mock.mockito.MockitoTestExecutionListener@23434f4e, org.springframework.boot.test.autoconfigure.SpringBootDependencyInjectionTestExecutionListener@40fd4f9f, org.springframework.test.context.support.DirtiesContextTestExecutionListener@e1b93fa, org.springframework.boot.test.autoconfigure.restdocs.RestDocsTestExecutionListener@705dab6d, org.springframework.boot.test.autoconfigure.web.client.MockRestServiceServerResetTestExecutionListener@495da317, org.springframework.boot.test.autoconfigure.web.servlet.MockMvcPrintOnlyOnFailureTestExecutionListener@63769c14, org.springframework.boot.test.autoconfigure.web.servlet.WebDriverTestExecutionListener@31a047c3, org.springframework.boot.test.mock.mockito.ResetMocksTestExecutionListener@2c3b9459]
19:14:36.020 [Test worker] DEBUG org.springframework.test.annotation.ProfileValueUtils - Retrieved @ProfileValueSourceConfiguration [null] for test class [com.thomasvitale.keycloak.ApplicationTests]
19:14:36.021 [Test worker] DEBUG org.springframework.test.annotation.ProfileValueUtils - Retrieved ProfileValueSource type [class org.springframework.test.annotation.SystemProfileValueSource] for class [com.thomasvitale.keycloak.ApplicationTests]
19:14:36.021 [Test worker] DEBUG org.springframework.test.annotation.ProfileValueUtils - Retrieved @ProfileValueSourceConfiguration [null] for test class [com.thomasvitale.keycloak.ApplicationTests]
19:14:36.022 [Test worker] DEBUG org.springframework.test.annotation.ProfileValueUtils - Retrieved ProfileValueSource type [class org.springframework.test.annotation.SystemProfileValueSource] for class [com.thomasvitale.keycloak.ApplicationTests]
19:14:36.030 [Test worker] DEBUG org.springframework.test.context.support.AbstractDirtiesContextTestExecutionListener - Before test class: context [DefaultTestContext@6f20989f testClass = ApplicationTests, testInstance = [null], testMethod = [null], testException = [null], mergedContextConfiguration = [WebMergedContextConfiguration@47128933 testClass = ApplicationTests, locations = '{}', classes = '{class com.thomasvitale.keycloak.Application}', contextInitializerClasses = '[]', activeProfiles = '{}', propertySourceLocations = '{}', propertySourceProperties = '{org.springframework.boot.test.context.SpringBootTestContextBootstrapper=true}', contextCustomizers = set[org.springframework.boot.test.autoconfigure.properties.PropertyMappingContextCustomizer@0, org.springframework.boot.test.autoconfigure.web.servlet.WebDriverContextCustomizerFactory$Customizer@48d35c04, org.springframework.boot.test.context.filter.ExcludeFilterContextCustomizer@2995a950, org.springframework.boot.test.json.DuplicateJsonObjectContextCustomizerFactory$DuplicateJsonObjectContextCustomizer@57578e6c, org.springframework.boot.test.mock.mockito.MockitoContextCustomizer@0, org.springframework.boot.test.web.client.TestRestTemplateContextCustomizer@456ab669], resourceBasePath = 'src/main/webapp', contextLoader = 'org.springframework.boot.test.context.SpringBootContextLoader', parent = [null]], attributes = map['org.springframework.test.context.web.ServletTestExecutionListener.activateListener' -> true]], class annotated with @DirtiesContext [false] with mode [null].
19:14:36.031 [Test worker] DEBUG org.springframework.test.annotation.ProfileValueUtils - Retrieved @ProfileValueSourceConfiguration [null] for test class [com.thomasvitale.keycloak.ApplicationTests]
19:14:36.032 [Test worker] DEBUG org.springframework.test.annotation.ProfileValueUtils - Retrieved ProfileValueSource type [class org.springframework.test.annotation.SystemProfileValueSource] for class [com.thomasvitale.keycloak.ApplicationTests]
19:14:36.068 [Test worker] DEBUG org.springframework.test.context.support.TestPropertySourceUtils - Adding inlined properties to environment: {spring.jmx.enabled=false, org.springframework.boot.test.context.SpringBootTestContextBootstrapper=true, server.port=-1}

  .   ____          _            __ _ _
 /\\ / ___'_ __ _ _(_)_ __  __ _ \ \ \ \
( ( )\___ | '_ | '_| | '_ \/ _` | \ \ \ \
 \\/  ___)| |_)| | | | | || (_| |  ) ) ) )
  '  |____| .__|_| |_|_| |_\__, | / / / /
 =========|_|==============|___/=/_/_/_/
 :: Spring Boot ::        (v2.1.9.RELEASE)

2021-04-01 19:14:36.644  INFO 11676 --- [    Test worker] c.t.keycloak.ApplicationTests            : Starting ApplicationTests on LAPTOP-RIBEA0HL with PID 11676 (started by 11 in C:\Users\11\Desktop\spring-keycloak-tutorials-master\keycloak-spring-boot-first-look)
2021-04-01 19:14:36.646  INFO 11676 --- [    Test worker] c.t.keycloak.ApplicationTests            : No active profile set, falling back to default profiles: default
2021-04-01 19:14:39.325  INFO 11676 --- [    Test worker] o.s.s.concurrent.ThreadPoolTaskExecutor  : Initializing ExecutorService 'applicationTaskExecutor'
2021-04-01 19:14:39.512  INFO 11676 --- [    Test worker] o.s.b.a.w.s.WelcomePageHandlerMapping    : Adding welcome page template: index
2021-04-01 19:14:40.154  INFO 11676 --- [    Test worker] c.t.keycloak.ApplicationTests            : Started ApplicationTests in 4.043 seconds (JVM running for 5.819)
]]></system-out>
  <system-err><![CDATA[]]></system-err>
</testsuite>
